<?xml version="1.0" encoding="UTF-8"?>
<!-- Generated by org.testng.reporters.JUnitReportReporter -->
<testsuite skipped="0" hostname="NJ-PC" name="ExtentReportWithTestNG2" tests="8" failures="0" timestamp="02 Feb 2019 19:41:34 GMT" time="0.025" errors="0">
  <testcase name="test2" time="0.003" classname="ExtentReportWithTestNG2"/>
  <testcase name="test6" time="0.004" classname="ExtentReportWithTestNG2"/>
  <testcase name="test4" time="0.003" classname="ExtentReportWithTestNG2"/>
  <testcase name="test8" time="0.002" classname="ExtentReportWithTestNG2"/>
  <testcase name="test1" time="0.003" classname="ExtentReportWithTestNG2"/>
  <testcase name="test5" time="0.003" classname="ExtentReportWithTestNG2"/>
  <testcase name="test7" time="0.003" classname="ExtentReportWithTestNG2"/>
  <testcase name="test3" time="0.004" classname="ExtentReportWithTestNG2"/>
</testsuite> <!-- ExtentReportWithTestNG2 -->
