<?xml version="1.0" encoding="UTF-8"?>
<!-- Generated by org.testng.reporters.JUnitReportReporter -->
<testsuite skipped="0" hostname="NJ-PC" name="ExtentReportWithTestNG" tests="8" failures="0" timestamp="02 Feb 2019 19:41:34 GMT" time="0.048" errors="0">
  <testcase name="test1" time="0.022" classname="ExtentReportWithTestNG"/>
  <testcase name="test5" time="0.003" classname="ExtentReportWithTestNG"/>
  <testcase name="test4" time="0.003" classname="ExtentReportWithTestNG"/>
  <testcase name="test3" time="0.003" classname="ExtentReportWithTestNG"/>
  <testcase name="test6" time="0.003" classname="ExtentReportWithTestNG"/>
  <testcase name="test8" time="0.007" classname="ExtentReportWithTestNG"/>
  <testcase name="test2" time="0.003" classname="ExtentReportWithTestNG"/>
  <testcase name="test7" time="0.004" classname="ExtentReportWithTestNG"/>
</testsuite> <!-- ExtentReportWithTestNG -->
